<?xml version="1.0" encoding="UTF-8"?><testsuite errors="0" failures="0" name="com.studentapp.junit.studentsinfo.studentCRUDTest" skipped="0" tests="3" time="7.63" timestamp="2019-01-19 11:07:10"><testcase classname="com.studentapp.junit.studentsinfo.studentCRUDTest" name="This Test will create a student"/><testcase classname="com.studentapp.junit.studentsinfo.studentCRUDTest" name="Verify if Student is added to the application"/><testcase classname="com.studentapp.junit.studentsinfo.studentCRUDTest" name="Update the user information of Student and verify the updated information"/></testsuite>